<?xml version="1.0" encoding="UTF-8"?>
<testsuite name="org.example.springboot.web.HelloControllerTest" tests="2" skipped="0" failures="0" errors="0" timestamp="2021-10-16T15:24:20" hostname="freelec-springboot2-webservice" time="0.296">
  <properties/>
  <testcase name="hello가_리턴된다" classname="org.example.springboot.web.HelloControllerTest" time="0.132"/>
  <testcase name="helloDto가_리턴된다" classname="org.example.springboot.web.HelloControllerTest" time="0.162"/>
  <system-out><![CDATA[2021-10-17 00:24:19.051  INFO 23275 --- [    Test worker] .b.t.a.w.s.WebMvcTestContextBootstrapper : Neither @ContextConfiguration nor @ContextHierarchy found for test class [org.example.springboot.web.HelloControllerTest], using SpringBootContextLoader
2021-10-17 00:24:19.053  INFO 23275 --- [    Test worker] o.s.t.c.support.AbstractContextLoader    : Could not detect default resource locations for test class [org.example.springboot.web.HelloControllerTest]: no resource found for suffixes {-context.xml, Context.groovy}.
2021-10-17 00:24:19.055  INFO 23275 --- [    Test worker] t.c.s.AnnotationConfigContextLoaderUtils : Could not detect default configuration classes for test class [org.example.springboot.web.HelloControllerTest]: HelloControllerTest does not declare any static, non-private, non-final, nested classes annotated with @Configuration.
2021-10-17 00:24:19.103  INFO 23275 --- [    Test worker] .b.t.c.SpringBootTestContextBootstrapper : Found @SpringBootConfiguration org.example.springboot.Application for test class org.example.springboot.web.HelloControllerTest
2021-10-17 00:24:19.110  INFO 23275 --- [    Test worker] .b.t.a.w.s.WebMvcTestContextBootstrapper : Loaded default TestExecutionListener class names from location [META-INF/spring.factories]: [org.springframework.security.test.context.support.WithSecurityContextTestExecutionListener, org.springframework.security.test.context.support.ReactorContextTestExecutionListener, org.springframework.boot.test.autoconfigure.restdocs.RestDocsTestExecutionListener, org.springframework.boot.test.autoconfigure.web.client.MockRestServiceServerResetTestExecutionListener, org.springframework.boot.test.autoconfigure.web.servlet.MockMvcPrintOnlyOnFailureTestExecutionListener, org.springframework.boot.test.autoconfigure.web.servlet.WebDriverTestExecutionListener, org.springframework.boot.test.mock.mockito.MockitoTestExecutionListener, org.springframework.boot.test.mock.mockito.ResetMocksTestExecutionListener, org.springframework.test.context.web.ServletTestExecutionListener, org.springframework.test.context.support.DirtiesContextBeforeModesTestExecutionListener, org.springframework.test.context.support.DependencyInjectionTestExecutionListener, org.springframework.test.context.support.DirtiesContextTestExecutionListener, org.springframework.test.context.transaction.TransactionalTestExecutionListener, org.springframework.test.context.jdbc.SqlScriptsTestExecutionListener]
2021-10-17 00:24:19.111  INFO 23275 --- [    Test worker] .b.t.a.w.s.WebMvcTestContextBootstrapper : Using TestExecutionListeners: [org.springframework.test.context.web.ServletTestExecutionListener@3b4898d7, org.springframework.test.context.support.DirtiesContextBeforeModesTestExecutionListener@91efa51, org.springframework.boot.test.mock.mockito.MockitoTestExecutionListener@61359695, org.springframework.boot.test.autoconfigure.SpringBootDependencyInjectionTestExecutionListener@789d9f38, org.springframework.test.context.support.DirtiesContextTestExecutionListener@76c3edc, org.springframework.test.context.transaction.TransactionalTestExecutionListener@79de8012, org.springframework.test.context.jdbc.SqlScriptsTestExecutionListener@34923082, org.springframework.security.test.context.support.WithSecurityContextTestExecutionListener@20621d77, org.springframework.security.test.context.support.ReactorContextTestExecutionListener@469e5d79, org.springframework.boot.test.autoconfigure.restdocs.RestDocsTestExecutionListener@4bcd9ba8, org.springframework.boot.test.autoconfigure.web.client.MockRestServiceServerResetTestExecutionListener@6efeb473, org.springframework.boot.test.autoconfigure.web.servlet.MockMvcPrintOnlyOnFailureTestExecutionListener@5e47857e, org.springframework.boot.test.autoconfigure.web.servlet.WebDriverTestExecutionListener@6a867e5a, org.springframework.boot.test.mock.mockito.ResetMocksTestExecutionListener@4d31b879]

  .   ____          _            __ _ _
 /\\ / ___'_ __ _ _(_)_ __  __ _ \ \ \ \
( ( )\___ | '_ | '_| | '_ \/ _` | \ \ \ \
 \\/  ___)| |_)| | | | | || (_| |  ) ) ) )
  '  |____| .__|_| |_|_| |_\__, | / / / /
 =========|_|==============|___/=/_/_/_/
 :: Spring Boot ::        (v2.1.7.RELEASE)

2021-10-17 00:24:19.169  INFO 23275 --- [    Test worker] o.e.springboot.web.HelloControllerTest   : Starting HelloControllerTest on freelec-springboot2-webservice with PID 23275 (started by ec2-user in /home/ec2-user/app/step1/freelec-springboot2-webservice)
2021-10-17 00:24:19.171  INFO 23275 --- [    Test worker] o.e.springboot.web.HelloControllerTest   : No active profile set, falling back to default profiles: default
2021-10-17 00:24:19.963  INFO 23275 --- [    Test worker] o.s.s.concurrent.ThreadPoolTaskExecutor  : Initializing ExecutorService 'applicationTaskExecutor'
2021-10-17 00:24:20.022  INFO 23275 --- [    Test worker] o.s.b.a.w.s.WelcomePageHandlerMapping    : Adding welcome page template: index
2021-10-17 00:24:20.379  INFO 23275 --- [    Test worker] .s.s.UserDetailsServiceAutoConfiguration : 

Using generated security password: 7ff7e34c-62e2-4a65-abd8-d4cec777ac41

2021-10-17 00:24:20.606  INFO 23275 --- [    Test worker] o.s.s.web.DefaultSecurityFilterChain     : Creating filter chain: any request, [org.springframework.security.web.context.request.async.WebAsyncManagerIntegrationFilter@2f9a45aa, org.springframework.security.web.context.SecurityContextPersistenceFilter@4da54197, org.springframework.security.web.header.HeaderWriterFilter@660975ac, org.springframework.security.web.csrf.CsrfFilter@182e84a5, org.springframework.security.web.authentication.logout.LogoutFilter@6cac922f, org.springframework.security.web.authentication.UsernamePasswordAuthenticationFilter@4aee02bc, org.springframework.security.web.authentication.ui.DefaultLoginPageGeneratingFilter@6bbccca9, org.springframework.security.web.authentication.ui.DefaultLogoutPageGeneratingFilter@8ebbb8c, org.springframework.security.web.authentication.www.BasicAuthenticationFilter@56f86931, org.springframework.security.web.savedrequest.RequestCacheAwareFilter@3ad49b3b, org.springframework.security.web.servletapi.SecurityContextHolderAwareRequestFilter@175d3dd8, org.springframework.security.web.authentication.AnonymousAuthenticationFilter@1dcfea41, org.springframework.security.web.session.SessionManagementFilter@aeede64, org.springframework.security.web.access.ExceptionTranslationFilter@166c3d4d, org.springframework.security.web.access.intercept.FilterSecurityInterceptor@6d2599f5]
2021-10-17 00:24:20.675  INFO 23275 --- [    Test worker] o.s.b.t.m.w.SpringBootMockServletContext : Initializing Spring TestDispatcherServlet ''
2021-10-17 00:24:20.675  INFO 23275 --- [    Test worker] o.s.t.web.servlet.TestDispatcherServlet  : Initializing Servlet ''
2021-10-17 00:24:20.697  INFO 23275 --- [    Test worker] o.s.t.web.servlet.TestDispatcherServlet  : Completed initialization in 22 ms
2021-10-17 00:24:20.758  INFO 23275 --- [    Test worker] o.e.springboot.web.HelloControllerTest   : Started HelloControllerTest in 1.645 seconds (JVM running for 16.914)
]]></system-out>
  <system-err><![CDATA[]]></system-err>
</testsuite>
