<?xml version="1.0" encoding="UTF-8"?>
<testsuite name="org.example.springboot.web.IndexControllerTest" tests="1" skipped="0" failures="0" errors="0" timestamp="2021-10-16T15:24:25" hostname="freelec-springboot2-webservice" time="0.355">
  <properties/>
  <testcase name="메인페이지_로딩" classname="org.example.springboot.web.IndexControllerTest" time="0.355"/>
  <system-out><![CDATA[2021-10-17 00:24:21.062  INFO 23275 --- [    Test worker] .b.t.c.SpringBootTestContextBootstrapper : Neither @ContextConfiguration nor @ContextHierarchy found for test class [org.example.springboot.web.IndexControllerTest], using SpringBootContextLoader
2021-10-17 00:24:21.063  INFO 23275 --- [    Test worker] o.s.t.c.support.AbstractContextLoader    : Could not detect default resource locations for test class [org.example.springboot.web.IndexControllerTest]: no resource found for suffixes {-context.xml, Context.groovy}.
2021-10-17 00:24:21.067  INFO 23275 --- [    Test worker] t.c.s.AnnotationConfigContextLoaderUtils : Could not detect default configuration classes for test class [org.example.springboot.web.IndexControllerTest]: IndexControllerTest does not declare any static, non-private, non-final, nested classes annotated with @Configuration.
2021-10-17 00:24:21.079  INFO 23275 --- [    Test worker] .b.t.c.SpringBootTestContextBootstrapper : Found @SpringBootConfiguration org.example.springboot.Application for test class org.example.springboot.web.IndexControllerTest
2021-10-17 00:24:21.080  INFO 23275 --- [    Test worker] .b.t.c.SpringBootTestContextBootstrapper : Loaded default TestExecutionListener class names from location [META-INF/spring.factories]: [org.springframework.security.test.context.support.WithSecurityContextTestExecutionListener, org.springframework.security.test.context.support.ReactorContextTestExecutionListener, org.springframework.boot.test.autoconfigure.restdocs.RestDocsTestExecutionListener, org.springframework.boot.test.autoconfigure.web.client.MockRestServiceServerResetTestExecutionListener, org.springframework.boot.test.autoconfigure.web.servlet.MockMvcPrintOnlyOnFailureTestExecutionListener, org.springframework.boot.test.autoconfigure.web.servlet.WebDriverTestExecutionListener, org.springframework.boot.test.mock.mockito.MockitoTestExecutionListener, org.springframework.boot.test.mock.mockito.ResetMocksTestExecutionListener, org.springframework.test.context.web.ServletTestExecutionListener, org.springframework.test.context.support.DirtiesContextBeforeModesTestExecutionListener, org.springframework.test.context.support.DependencyInjectionTestExecutionListener, org.springframework.test.context.support.DirtiesContextTestExecutionListener, org.springframework.test.context.transaction.TransactionalTestExecutionListener, org.springframework.test.context.jdbc.SqlScriptsTestExecutionListener]
2021-10-17 00:24:21.081  INFO 23275 --- [    Test worker] .b.t.c.SpringBootTestContextBootstrapper : Using TestExecutionListeners: [org.springframework.test.context.web.ServletTestExecutionListener@549c7aa0, org.springframework.test.context.support.DirtiesContextBeforeModesTestExecutionListener@2c9d6505, org.springframework.boot.test.mock.mockito.MockitoTestExecutionListener@c76f15, org.springframework.boot.test.autoconfigure.SpringBootDependencyInjectionTestExecutionListener@788ee8a3, org.springframework.test.context.support.DirtiesContextTestExecutionListener@4f70c468, org.springframework.test.context.transaction.TransactionalTestExecutionListener@80235ce, org.springframework.test.context.jdbc.SqlScriptsTestExecutionListener@33065c1c, org.springframework.security.test.context.support.WithSecurityContextTestExecutionListener@3c42612f, org.springframework.security.test.context.support.ReactorContextTestExecutionListener@75d8a14b, org.springframework.boot.test.autoconfigure.restdocs.RestDocsTestExecutionListener@6ced467b, org.springframework.boot.test.autoconfigure.web.client.MockRestServiceServerResetTestExecutionListener@6d0a0146, org.springframework.boot.test.autoconfigure.web.servlet.MockMvcPrintOnlyOnFailureTestExecutionListener@42ee4ed1, org.springframework.boot.test.autoconfigure.web.servlet.WebDriverTestExecutionListener@728c6d3e, org.springframework.boot.test.mock.mockito.ResetMocksTestExecutionListener@74d4338a]

  .   ____          _            __ _ _
 /\\ / ___'_ __ _ _(_)_ __  __ _ \ \ \ \
( ( )\___ | '_ | '_| | '_ \/ _` | \ \ \ \
 \\/  ___)| |_)| | | | | || (_| |  ) ) ) )
  '  |____| .__|_| |_|_| |_\__, | / / / /
 =========|_|==============|___/=/_/_/_/
 :: Spring Boot ::        (v2.1.7.RELEASE)

2021-10-17 00:24:21.128  INFO 23275 --- [    Test worker] o.e.springboot.web.IndexControllerTest   : Starting IndexControllerTest on freelec-springboot2-webservice with PID 23275 (started by ec2-user in /home/ec2-user/app/step1/freelec-springboot2-webservice)
2021-10-17 00:24:21.131  INFO 23275 --- [    Test worker] o.e.springboot.web.IndexControllerTest   : No active profile set, falling back to default profiles: default
2021-10-17 00:24:21.515  INFO 23275 --- [    Test worker] .s.d.r.c.RepositoryConfigurationDelegate : Bootstrapping Spring Data repositories in DEFAULT mode.
2021-10-17 00:24:21.543  INFO 23275 --- [    Test worker] .s.d.r.c.RepositoryConfigurationDelegate : Finished Spring Data repository scanning in 24ms. Found 2 repository interfaces.
2021-10-17 00:24:21.762  INFO 23275 --- [    Test worker] trationDelegate$BeanPostProcessorChecker : Bean 'org.springframework.transaction.annotation.ProxyTransactionManagementConfiguration' of type [org.springframework.transaction.annotation.ProxyTransactionManagementConfiguration$$EnhancerBySpringCGLIB$$6c1abeb8] is not eligible for getting processed by all BeanPostProcessors (for example: not eligible for auto-proxying)
2021-10-17 00:24:22.210  INFO 23275 --- [    Test worker] o.s.b.w.embedded.tomcat.TomcatWebServer  : Tomcat initialized with port(s): 0 (http)
2021-10-17 00:24:22.294  INFO 23275 --- [    Test worker] o.apache.catalina.core.StandardService   : Starting service [Tomcat]
2021-10-17 00:24:22.295  INFO 23275 --- [    Test worker] org.apache.catalina.core.StandardEngine  : Starting Servlet engine: [Apache Tomcat/9.0.22]
2021-10-17 00:24:22.585  INFO 23275 --- [    Test worker] o.a.c.c.C.[Tomcat].[localhost].[/]       : Initializing Spring embedded WebApplicationContext
2021-10-17 00:24:22.586  INFO 23275 --- [    Test worker] o.s.web.context.ContextLoader            : Root WebApplicationContext: initialization completed in 1450 ms
2021-10-17 00:24:22.874  INFO 23275 --- [    Test worker] com.zaxxer.hikari.HikariDataSource       : HikariPool-2 - Starting...
2021-10-17 00:24:22.879  INFO 23275 --- [    Test worker] com.zaxxer.hikari.HikariDataSource       : HikariPool-2 - Start completed.
2021-10-17 00:24:22.921  INFO 23275 --- [    Test worker] o.hibernate.jpa.internal.util.LogHelper  : HHH000204: Processing PersistenceUnitInfo [
	name: default
	...]
2021-10-17 00:24:22.944  INFO 23275 --- [    Test worker] org.hibernate.dialect.Dialect            : HHH000400: Using dialect: org.hibernate.dialect.MySQL5InnoDBDialect
Hibernate: drop table if exists posts
Hibernate: drop table if exists user
Hibernate: create table posts (id bigint not null auto_increment, created_date datetime, modified_date datetime, author varchar(255), content TEXT not null, title varchar(500) not null, primary key (id)) engine=InnoDB
Hibernate: create table user (id bigint not null auto_increment, created_date datetime, modified_date datetime, email varchar(255) not null, name varchar(255) not null, picture varchar(255), role varchar(255) not null, primary key (id)) engine=InnoDB
2021-10-17 00:24:23.089  INFO 23275 --- [    Test worker] o.h.t.schema.internal.SchemaCreatorImpl  : HHH000476: Executing import script 'org.hibernate.tool.schema.internal.exec.ScriptSourceInputNonExistentImpl@2cc15f0f'
2021-10-17 00:24:23.091  INFO 23275 --- [    Test worker] j.LocalContainerEntityManagerFactoryBean : Initialized JPA EntityManagerFactory for persistence unit 'default'
2021-10-17 00:24:23.840  INFO 23275 --- [    Test worker] o.h.h.i.QueryTranslatorFactoryInitiator  : HHH000397: Using ASTQueryTranslatorFactory
2021-10-17 00:24:24.128  INFO 23275 --- [    Test worker] o.s.s.web.DefaultSecurityFilterChain     : Creating filter chain: any request, [org.springframework.security.web.context.request.async.WebAsyncManagerIntegrationFilter@42027108, org.springframework.security.web.context.SecurityContextPersistenceFilter@65e99c1d, org.springframework.security.web.header.HeaderWriterFilter@249d9d12, org.springframework.security.web.authentication.logout.LogoutFilter@4f5c1318, org.springframework.security.oauth2.client.web.OAuth2AuthorizationRequestRedirectFilter@2197619f, org.springframework.security.oauth2.client.web.OAuth2LoginAuthenticationFilter@48a8c5df, org.springframework.security.web.authentication.ui.DefaultLoginPageGeneratingFilter@667c62be, org.springframework.security.web.authentication.ui.DefaultLogoutPageGeneratingFilter@7ea4e000, org.springframework.security.web.savedrequest.RequestCacheAwareFilter@277ffd9c, org.springframework.security.web.servletapi.SecurityContextHolderAwareRequestFilter@6f42816c, org.springframework.security.web.authentication.AnonymousAuthenticationFilter@6425edd2, org.springframework.security.web.session.SessionManagementFilter@4f38c1e3, org.springframework.security.web.access.ExceptionTranslationFilter@6589185, org.springframework.security.web.access.intercept.FilterSecurityInterceptor@1e444bdb]
2021-10-17 00:24:24.489  INFO 23275 --- [    Test worker] o.s.s.concurrent.ThreadPoolTaskExecutor  : Initializing ExecutorService 'applicationTaskExecutor'
2021-10-17 00:24:24.520  WARN 23275 --- [    Test worker] aWebConfiguration$JpaWebMvcConfiguration : spring.jpa.open-in-view is enabled by default. Therefore, database queries may be performed during view rendering. Explicitly configure spring.jpa.open-in-view to disable this warning
2021-10-17 00:24:24.567  INFO 23275 --- [    Test worker] o.s.b.a.w.s.WelcomePageHandlerMapping    : Adding welcome page template: index
2021-10-17 00:24:25.092  INFO 23275 --- [    Test worker] s.a.ScheduledAnnotationBeanPostProcessor : No TaskScheduler/ScheduledExecutorService bean found for scheduled processing
2021-10-17 00:24:25.149  INFO 23275 --- [    Test worker] o.s.b.w.embedded.tomcat.TomcatWebServer  : Tomcat started on port(s): 38469 (http) with context path ''
2021-10-17 00:24:25.156  INFO 23275 --- [    Test worker] o.e.springboot.web.IndexControllerTest   : Started IndexControllerTest in 4.074 seconds (JVM running for 21.313)
2021-10-17 00:24:25.341  INFO 23275 --- [o-auto-1-exec-1] o.a.c.c.C.[Tomcat].[localhost].[/]       : Initializing Spring DispatcherServlet 'dispatcherServlet'
2021-10-17 00:24:25.342  INFO 23275 --- [o-auto-1-exec-1] o.s.web.servlet.DispatcherServlet        : Initializing Servlet 'dispatcherServlet'
2021-10-17 00:24:25.358  INFO 23275 --- [o-auto-1-exec-1] o.s.web.servlet.DispatcherServlet        : Completed initialization in 16 ms
Hibernate: select posts0_.id as id1_0_, posts0_.created_date as created_2_0_, posts0_.modified_date as modified3_0_, posts0_.author as author4_0_, posts0_.content as content5_0_, posts0_.title as title6_0_ from posts posts0_ order by posts0_.id DESC
]]></system-out>
  <system-err><![CDATA[]]></system-err>
</testsuite>
