<?xml version="1.0" encoding="UTF-8"?>
<testsuite name="org.example.springboot.web.dto.HelloResponseDtoTest" tests="1" skipped="0" failures="0" errors="0" timestamp="2021-10-16T15:24:25" hostname="freelec-springboot2-webservice" time="0.003">
  <properties/>
  <testcase name="롬북_기능_테스트" classname="org.example.springboot.web.dto.HelloResponseDtoTest" time="0.003"/>
  <system-out><![CDATA[]]></system-out>
  <system-err><![CDATA[]]></system-err>
</testsuite>
